05-08-2016 23:27:18	This log contains information about the import schema operation into project 'SalesPytch.Database' on computer 'H1A-5F387-48HJ' by user 'v-mahban'.
05-08-2016 23:27:18	Import of database schema has started.
05-08-2016 23:27:23	Gathering logins
05-08-2016 23:28:19	Gathering database credentials
05-08-2016 23:28:19	Gathering database options
05-08-2016 23:28:19	Gathering users
05-08-2016 23:28:19	Gathering roles
05-08-2016 23:28:19	Gathering application roles
05-08-2016 23:28:19	Gathering role memberships
05-08-2016 23:28:20	Gathering filegroups
05-08-2016 23:28:20	Gathering files
05-08-2016 23:28:20	Gathering full-text catalogs
05-08-2016 23:28:20	Gathering assemblies
05-08-2016 23:28:20	Gathering certificates
05-08-2016 23:28:20	Gathering symmetric keys
05-08-2016 23:28:20	Gathering encrypted symmetric keys
05-08-2016 23:28:20	Gathering schemas
05-08-2016 23:28:20	Gathering XML schema collections
05-08-2016 23:28:20	Gathering user-defined data types
05-08-2016 23:28:20	Gathering user-defined types
05-08-2016 23:28:20	Gathering table types
05-08-2016 23:28:20	Gathering unique keys for table types
05-08-2016 23:28:20	Gathering primary keys for table types
05-08-2016 23:28:20	Gathering indexes for table types
05-08-2016 23:28:20	Gathering check constraints for table types
05-08-2016 23:28:20	Gathering default constraints for table types
05-08-2016 23:28:20	Gathering partition functions
05-08-2016 23:28:20	Gathering partition schemes
05-08-2016 23:28:20	Gathering functions
05-08-2016 23:28:20	Gathering encrypted functions
05-08-2016 23:28:20	Gathering aggregates
05-08-2016 23:28:20	Gathering procedures
05-08-2016 23:28:20	Gathering encrypted procedures
05-08-2016 23:28:20	Gathering tables
05-08-2016 23:28:20	Gathering primary keys
05-08-2016 23:28:20	Gathering unique constraints
05-08-2016 23:28:20	Gathering foreign keys
05-08-2016 23:28:20	Gathering default constraints
05-08-2016 23:28:20	Gathering check constraints
05-08-2016 23:28:20	Gathering views
05-08-2016 23:28:20	Gathering encrypted views
05-08-2016 23:28:20	Gathering indexes
05-08-2016 23:28:20	Gathering statistics
05-08-2016 23:28:20	Gathering full-text index stoplists
05-08-2016 23:28:20	Gathering search property lists
05-08-2016 23:28:20	Gathering search properties
05-08-2016 23:28:20	Gathering full-text indexes
05-08-2016 23:28:20	Gathering column store indexes
05-08-2016 23:28:23	Gathering spatial indexes
05-08-2016 23:28:23	Gathering XML indexes
05-08-2016 23:28:23	Gathering Selective XML indexes
05-08-2016 23:28:23	Gathering encrypted triggers
05-08-2016 23:28:23	Gathering triggers
05-08-2016 23:28:23	Gathering encrypted and clr ddl triggers
05-08-2016 23:28:23	Gathering ddl triggers
05-08-2016 23:28:23	Gathering synonyms
05-08-2016 23:28:23	Gathering defaults
05-08-2016 23:28:23	Gathering data constraint uddt bindings
05-08-2016 23:28:23	Gathering rules
05-08-2016 23:28:23	Gathering data constraint uddt bindings
05-08-2016 23:28:23	Gathering message types
05-08-2016 23:28:23	Gathering queues
05-08-2016 23:28:23	Gathering contracts
05-08-2016 23:28:23	Gathering services
05-08-2016 23:28:23	Gathering event notifications
05-08-2016 23:28:23	Gathering remote service bindings
05-08-2016 23:28:23	Gathering broker priorities
05-08-2016 23:28:23	Gathering signatures
05-08-2016 23:28:23	Gathering data compression options
05-08-2016 23:28:23	Gathering sequence types
05-08-2016 23:28:23	Gathering security policies
05-08-2016 23:28:23	Gather column encryption keys
05-08-2016 23:28:23	Gathering column master keys
05-08-2016 23:28:23	Gathering event notifications
05-08-2016 23:28:23	Gathering external data sources
05-08-2016 23:28:23	Gathering external tables
05-08-2016 23:28:23	Gathering extended properties
05-08-2016 23:28:24	Scanning project for duplicate elements
05-08-2016 23:28:24	Finished duplicate element processing
05-08-2016 23:28:25	Finished importing database.
05-08-2016 23:28:25	A summary of the import was saved to the following location: D:\Samples\SalesPytch\SalesPytch.Database\Import Schema Logs\SalesPytch.Database_20160805055718.log
05-08-2016 23:28:25	Click Finish to continue...
